[debug] [2023-02-02T17:36:16.944Z] ----------------------------------------------------------------------
[debug] [2023-02-02T17:36:16.946Z] Command:       /home/agmui/.local/share/nvm/v18.12.1/bin/node /home/agmui/.local/share/nvm/v18.12.1/bin/firebase serve
[debug] [2023-02-02T17:36:16.946Z] CLI Version:   11.21.0
[debug] [2023-02-02T17:36:16.947Z] Platform:      linux
[debug] [2023-02-02T17:36:16.947Z] Node Version:  v18.12.1
[debug] [2023-02-02T17:36:16.948Z] Time:          Thu Feb 02 2023 12:36:16 GMT-0500 (Eastern Standard Time)
[debug] [2023-02-02T17:36:16.949Z] ----------------------------------------------------------------------
[debug] 
[debug] [2023-02-02T17:36:16.952Z] >>> [apiv2][query] GET https://firebase-public.firebaseio.com/cli.json [none]
[debug] [2023-02-02T17:36:17.076Z] > command requires scopes: ["email","openid","https://www.googleapis.com/auth/cloudplatformprojects.readonly","https://www.googleapis.com/auth/firebase","https://www.googleapis.com/auth/cloud-platform"]
[debug] [2023-02-02T17:36:17.076Z] > authorizing via signed-in user (anthonynmui@gmail.com)
[debug] [2023-02-02T17:36:17.076Z] [iam] checking project robomasters-website for permissions ["firebase.projects.get"]
[debug] [2023-02-02T17:36:17.077Z] > refreshing access token with scopes: []
[debug] [2023-02-02T17:36:17.078Z] >>> [apiv2][query] POST https://www.googleapis.com/oauth2/v3/token [none]
[debug] [2023-02-02T17:36:17.078Z] >>> [apiv2][body] POST https://www.googleapis.com/oauth2/v3/token [omitted]
[debug] [2023-02-02T17:36:17.145Z] <<< [apiv2][status] GET https://firebase-public.firebaseio.com/cli.json 200
[debug] [2023-02-02T17:36:17.145Z] <<< [apiv2][body] GET https://firebase-public.firebaseio.com/cli.json {"cloudBuildErrorAfter":1594252800000,"cloudBuildWarnAfter":1590019200000,"defaultNode10After":1594252800000,"minVersion":"3.0.5","node8DeploysDisabledAfter":1613390400000,"node8RuntimeDisabledAfter":1615809600000,"node8WarnAfter":1600128000000}
[debug] [2023-02-02T17:36:17.199Z] <<< [apiv2][status] POST https://www.googleapis.com/oauth2/v3/token 200
[debug] [2023-02-02T17:36:17.199Z] <<< [apiv2][body] POST https://www.googleapis.com/oauth2/v3/token [omitted]
[debug] [2023-02-02T17:36:17.204Z] >>> [apiv2][query] POST https://cloudresourcemanager.googleapis.com/v1/projects/robomasters-website:testIamPermissions [none]
[debug] [2023-02-02T17:36:17.204Z] >>> [apiv2][(partial)header] POST https://cloudresourcemanager.googleapis.com/v1/projects/robomasters-website:testIamPermissions x-goog-quota-user=projects/robomasters-website
[debug] [2023-02-02T17:36:17.204Z] >>> [apiv2][body] POST https://cloudresourcemanager.googleapis.com/v1/projects/robomasters-website:testIamPermissions {"permissions":["firebase.projects.get"]}
[debug] [2023-02-02T17:36:17.343Z] <<< [apiv2][status] POST https://cloudresourcemanager.googleapis.com/v1/projects/robomasters-website:testIamPermissions 200
[debug] [2023-02-02T17:36:17.343Z] <<< [apiv2][body] POST https://cloudresourcemanager.googleapis.com/v1/projects/robomasters-website:testIamPermissions {"permissions":["firebase.projects.get"]}
[debug] [2023-02-02T17:36:17.347Z] >>> [apiv2][query] GET https://firebase.googleapis.com/v1beta1/projects/robomasters-website [none]
[debug] [2023-02-02T17:36:17.535Z] <<< [apiv2][status] GET https://firebase.googleapis.com/v1beta1/projects/robomasters-website 200
[debug] [2023-02-02T17:36:17.535Z] <<< [apiv2][body] GET https://firebase.googleapis.com/v1beta1/projects/robomasters-website {"projectId":"robomasters-website","projectNumber":"67930320948","displayName":"Robomasters-Website","name":"projects/robomasters-website","resources":{"hostingSite":"robomasters-website","realtimeDatabaseInstance":"robomasters-website-default-rtdb","storageBucket":"robomasters-website.appspot.com","locationId":"us-central"},"state":"ACTIVE","etag":"1_13bc6427-e735-4931-a33f-c5bd13c96b37"}
[info] 
[info] === Serving from '/home/agmui/cs/CSSE_280/winter-2022-2023-project-repo-m7-keegan-anthony'...
[info] 
[debug] [2023-02-02T17:36:17.541Z] >>> [apiv2][query] GET https://firebasehosting.googleapis.com/v1beta1/projects/robomasters-website/sites 
[debug] [2023-02-02T17:36:17.910Z] <<< [apiv2][status] GET https://firebasehosting.googleapis.com/v1beta1/projects/robomasters-website/sites 200
[debug] [2023-02-02T17:36:17.910Z] <<< [apiv2][body] GET https://firebasehosting.googleapis.com/v1beta1/projects/robomasters-website/sites {"sites":[{"name":"projects/robomasters-website/sites/robomasters-website","defaultUrl":"https://robomasters-website.web.app","type":"DEFAULT_SITE"}]}
[debug] [2023-02-02T17:36:17.910Z] >>> [apiv2][query] GET https://firebase.googleapis.com/v1beta1/projects/robomasters-website/webApps/-/config [none]
[debug] [2023-02-02T17:36:18.223Z] <<< [apiv2][status] GET https://firebase.googleapis.com/v1beta1/projects/robomasters-website/webApps/-/config 200
[debug] [2023-02-02T17:36:18.223Z] <<< [apiv2][body] GET https://firebase.googleapis.com/v1beta1/projects/robomasters-website/webApps/-/config {"projectId":"robomasters-website","databaseURL":"https://robomasters-website-default-rtdb.firebaseio.com","storageBucket":"robomasters-website.appspot.com","locationId":"us-central","apiKey":"AIzaSyAufSB6oI5TCa-bxSJP-K11bssFQsQVrhU","authDomain":"robomasters-website.firebaseapp.com","messagingSenderId":"67930320948"}
[debug] [2023-02-02T17:36:18.234Z] >>> [apiv2][query] GET https://firebase.googleapis.com/v1beta1/projects/robomasters-website [none]
[debug] [2023-02-02T17:36:18.370Z] <<< [apiv2][status] GET https://firebase.googleapis.com/v1beta1/projects/robomasters-website 200
[debug] [2023-02-02T17:36:18.370Z] <<< [apiv2][body] GET https://firebase.googleapis.com/v1beta1/projects/robomasters-website {"projectId":"robomasters-website","projectNumber":"67930320948","displayName":"Robomasters-Website","name":"projects/robomasters-website","resources":{"hostingSite":"robomasters-website","realtimeDatabaseInstance":"robomasters-website-default-rtdb","storageBucket":"robomasters-website.appspot.com","locationId":"us-central"},"state":"ACTIVE","etag":"1_13bc6427-e735-4931-a33f-c5bd13c96b37"}
[info] i  hosting[robomasters-website]: Serving hosting files from: public {"metadata":{"emulator":{"name":"hosting"},"message":"Serving hosting files from: \u001b[1mpublic\u001b[22m"}}
[info] ✔  hosting[robomasters-website]: Local server: http://localhost:5000 {"metadata":{"emulator":{"name":"hosting"},"message":"Local server: \u001b[4m\u001b[1mhttp://localhost:5000\u001b[22m\u001b[24m"}}
[info] i  hosting: ::1 - - [02/Feb/2023:17:38:09 +0000] "GET / HTTP/1.1" 200 - "-" "Mozilla/5.0 (X11; Linux x86_64; rv:108.0) Gecko/20100101 Firefox/108.0" {"metadata":{"emulator":{"name":"hosting"},"message":"::1 - - [02/Feb/2023:17:38:09 +0000] \"GET / HTTP/1.1\" 200 - \"-\" \"Mozilla/5.0 (X11; Linux x86_64; rv:108.0) Gecko/20100101 Firefox/108.0\""}}
[info] i  hosting: ::1 - - [02/Feb/2023:17:38:09 +0000] "GET /__/firebase/init.js HTTP/1.1" 200 - "http://localhost:5000/" "Mozilla/5.0 (X11; Linux x86_64; rv:108.0) Gecko/20100101 Firefox/108.0" {"metadata":{"emulator":{"name":"hosting"},"message":"::1 - - [02/Feb/2023:17:38:09 +0000] \"GET /__/firebase/init.js HTTP/1.1\" 200 - \"http://localhost:5000/\" \"Mozilla/5.0 (X11; Linux x86_64; rv:108.0) Gecko/20100101 Firefox/108.0\""}}
[info] i  hosting: ::1 - - [02/Feb/2023:17:38:09 +0000] "GET /scripts/main.js HTTP/1.1" 200 - "http://localhost:5000/" "Mozilla/5.0 (X11; Linux x86_64; rv:108.0) Gecko/20100101 Firefox/108.0" {"metadata":{"emulator":{"name":"hosting"},"message":"::1 - - [02/Feb/2023:17:38:09 +0000] \"GET /scripts/main.js HTTP/1.1\" 200 - \"http://localhost:5000/\" \"Mozilla/5.0 (X11; Linux x86_64; rv:108.0) Gecko/20100101 Firefox/108.0\""}}
[info] i  hosting: ::1 - - [02/Feb/2023:17:38:09 +0000] "GET /favicon.ico HTTP/1.1" - - "http://localhost:5000/" "Mozilla/5.0 (X11; Linux x86_64; rv:108.0) Gecko/20100101 Firefox/108.0" {"metadata":{"emulator":{"name":"hosting"},"message":"::1 - - [02/Feb/2023:17:38:09 +0000] \"GET /favicon.ico HTTP/1.1\" - - \"http://localhost:5000/\" \"Mozilla/5.0 (X11; Linux x86_64; rv:108.0) Gecko/20100101 Firefox/108.0\""}}
[info] i  hosting: ::1 - - [02/Feb/2023:17:41:49 +0000] "GET /user.html HTTP/1.1" 200 345 "-" "Mozilla/5.0 (X11; Linux x86_64; rv:108.0) Gecko/20100101 Firefox/108.0" {"metadata":{"emulator":{"name":"hosting"},"message":"::1 - - [02/Feb/2023:17:41:49 +0000] \"GET /user.html HTTP/1.1\" 200 345 \"-\" \"Mozilla/5.0 (X11; Linux x86_64; rv:108.0) Gecko/20100101 Firefox/108.0\""}}
[info] i  hosting: ::1 - - [02/Feb/2023:17:42:12 +0000] "GET / HTTP/1.1" 200 - "-" "Mozilla/5.0 (X11; Linux x86_64; rv:108.0) Gecko/20100101 Firefox/108.0" {"metadata":{"emulator":{"name":"hosting"},"message":"::1 - - [02/Feb/2023:17:42:12 +0000] \"GET / HTTP/1.1\" 200 - \"-\" \"Mozilla/5.0 (X11; Linux x86_64; rv:108.0) Gecko/20100101 Firefox/108.0\""}}
[debug] [2023-02-02T17:42:12.549Z] >>> [apiv2][query] GET https://www.gstatic.com/firebasejs/7.18.0/firebase-app.js [none]
[info] i  hosting: ::1 - - [02/Feb/2023:17:42:12 +0000] "GET /styles/main.css HTTP/1.1" 200 139 "http://localhost:5000/" "Mozilla/5.0 (X11; Linux x86_64; rv:108.0) Gecko/20100101 Firefox/108.0" {"metadata":{"emulator":{"name":"hosting"},"message":"::1 - - [02/Feb/2023:17:42:12 +0000] \"GET /styles/main.css HTTP/1.1\" 200 139 \"http://localhost:5000/\" \"Mozilla/5.0 (X11; Linux x86_64; rv:108.0) Gecko/20100101 Firefox/108.0\""}}
[debug] [2023-02-02T17:42:12.558Z] >>> [apiv2][query] GET https://www.gstatic.com/firebasejs/7.18.0/firebase-analytics.js [none]
[info] i  hosting: ::1 - - [02/Feb/2023:17:42:12 +0000] "GET /scripts/popper.js HTTP/1.1" 200 - "http://localhost:5000/" "Mozilla/5.0 (X11; Linux x86_64; rv:108.0) Gecko/20100101 Firefox/108.0" {"metadata":{"emulator":{"name":"hosting"},"message":"::1 - - [02/Feb/2023:17:42:12 +0000] \"GET /scripts/popper.js HTTP/1.1\" 200 - \"http://localhost:5000/\" \"Mozilla/5.0 (X11; Linux x86_64; rv:108.0) Gecko/20100101 Firefox/108.0\""}}
[debug] [2023-02-02T17:42:12.567Z] >>> [apiv2][query] GET https://www.gstatic.com/firebasejs/7.18.0/firebase-auth.js [none]
[info] i  hosting: ::1 - - [02/Feb/2023:17:42:12 +0000] "GET /scripts/jquery.min.js HTTP/1.1" 200 - "http://localhost:5000/" "Mozilla/5.0 (X11; Linux x86_64; rv:108.0) Gecko/20100101 Firefox/108.0" {"metadata":{"emulator":{"name":"hosting"},"message":"::1 - - [02/Feb/2023:17:42:12 +0000] \"GET /scripts/jquery.min.js HTTP/1.1\" 200 - \"http://localhost:5000/\" \"Mozilla/5.0 (X11; Linux x86_64; rv:108.0) Gecko/20100101 Firefox/108.0\""}}
[debug] [2023-02-02T17:42:12.572Z] >>> [apiv2][query] GET https://www.gstatic.com/firebasejs/7.18.0/firebase-firestore.js [none]
[info] i  hosting: ::1 - - [02/Feb/2023:17:42:12 +0000] "GET /scripts/bootstrap-material-design.js HTTP/1.1" 200 - "http://localhost:5000/" "Mozilla/5.0 (X11; Linux x86_64; rv:108.0) Gecko/20100101 Firefox/108.0" {"metadata":{"emulator":{"name":"hosting"},"message":"::1 - - [02/Feb/2023:17:42:12 +0000] \"GET /scripts/bootstrap-material-design.js HTTP/1.1\" 200 - \"http://localhost:5000/\" \"Mozilla/5.0 (X11; Linux x86_64; rv:108.0) Gecko/20100101 Firefox/108.0\""}}
[info] i  hosting: ::1 - - [02/Feb/2023:17:42:12 +0000] "GET /__/firebase/init.js HTTP/1.1" 200 - "http://localhost:5000/" "Mozilla/5.0 (X11; Linux x86_64; rv:108.0) Gecko/20100101 Firefox/108.0" {"metadata":{"emulator":{"name":"hosting"},"message":"::1 - - [02/Feb/2023:17:42:12 +0000] \"GET /__/firebase/init.js HTTP/1.1\" 200 - \"http://localhost:5000/\" \"Mozilla/5.0 (X11; Linux x86_64; rv:108.0) Gecko/20100101 Firefox/108.0\""}}
[info] i  hosting: ::1 - - [02/Feb/2023:17:42:12 +0000] "GET /styles/bootstrap-material-design.min.css HTTP/1.1" 200 - "http://localhost:5000/" "Mozilla/5.0 (X11; Linux x86_64; rv:108.0) Gecko/20100101 Firefox/108.0" {"metadata":{"emulator":{"name":"hosting"},"message":"::1 - - [02/Feb/2023:17:42:12 +0000] \"GET /styles/bootstrap-material-design.min.css HTTP/1.1\" 200 - \"http://localhost:5000/\" \"Mozilla/5.0 (X11; Linux x86_64; rv:108.0) Gecko/20100101 Firefox/108.0\""}}
[info] i  hosting: ::1 - - [02/Feb/2023:17:42:12 +0000] "GET /scripts/main.js HTTP/1.1" 200 - "http://localhost:5000/" "Mozilla/5.0 (X11; Linux x86_64; rv:108.0) Gecko/20100101 Firefox/108.0" {"metadata":{"emulator":{"name":"hosting"},"message":"::1 - - [02/Feb/2023:17:42:12 +0000] \"GET /scripts/main.js HTTP/1.1\" 200 - \"http://localhost:5000/\" \"Mozilla/5.0 (X11; Linux x86_64; rv:108.0) Gecko/20100101 Firefox/108.0\""}}
[debug] [2023-02-02T17:42:12.600Z] <<< [apiv2][status] GET https://www.gstatic.com/firebasejs/7.18.0/firebase-app.js 200
[debug] [2023-02-02T17:42:12.600Z] <<< [apiv2][body] GET https://www.gstatic.com/firebasejs/7.18.0/firebase-app.js [stream]
[info] i  hosting: ::1 - - [02/Feb/2023:17:42:12 +0000] "GET /__/firebase/7.18.0/firebase-app.js HTTP/1.1" 200 6617 "http://localhost:5000/" "Mozilla/5.0 (X11; Linux x86_64; rv:108.0) Gecko/20100101 Firefox/108.0" {"metadata":{"emulator":{"name":"hosting"},"message":"::1 - - [02/Feb/2023:17:42:12 +0000] \"GET /__/firebase/7.18.0/firebase-app.js HTTP/1.1\" 200 6617 \"http://localhost:5000/\" \"Mozilla/5.0 (X11; Linux x86_64; rv:108.0) Gecko/20100101 Firefox/108.0\""}}
[debug] [2023-02-02T17:42:12.603Z] <<< [apiv2][status] GET https://www.gstatic.com/firebasejs/7.18.0/firebase-analytics.js 200
[debug] [2023-02-02T17:42:12.603Z] <<< [apiv2][body] GET https://www.gstatic.com/firebasejs/7.18.0/firebase-analytics.js [stream]
[info] i  hosting: ::1 - - [02/Feb/2023:17:42:12 +0000] "GET /__/firebase/7.18.0/firebase-analytics.js HTTP/1.1" 200 9207 "http://localhost:5000/" "Mozilla/5.0 (X11; Linux x86_64; rv:108.0) Gecko/20100101 Firefox/108.0" {"metadata":{"emulator":{"name":"hosting"},"message":"::1 - - [02/Feb/2023:17:42:12 +0000] \"GET /__/firebase/7.18.0/firebase-analytics.js HTTP/1.1\" 200 9207 \"http://localhost:5000/\" \"Mozilla/5.0 (X11; Linux x86_64; rv:108.0) Gecko/20100101 Firefox/108.0\""}}
[debug] [2023-02-02T17:42:12.612Z] <<< [apiv2][status] GET https://www.gstatic.com/firebasejs/7.18.0/firebase-auth.js 200
[debug] [2023-02-02T17:42:12.612Z] <<< [apiv2][body] GET https://www.gstatic.com/firebasejs/7.18.0/firebase-auth.js [stream]
[debug] [2023-02-02T17:42:12.622Z] <<< [apiv2][status] GET https://www.gstatic.com/firebasejs/7.18.0/firebase-firestore.js 200
[debug] [2023-02-02T17:42:12.623Z] <<< [apiv2][body] GET https://www.gstatic.com/firebasejs/7.18.0/firebase-firestore.js [stream]
[info] i  hosting: ::1 - - [02/Feb/2023:17:42:12 +0000] "GET /__/firebase/7.18.0/firebase-auth.js HTTP/1.1" 200 55421 "http://localhost:5000/" "Mozilla/5.0 (X11; Linux x86_64; rv:108.0) Gecko/20100101 Firefox/108.0" {"metadata":{"emulator":{"name":"hosting"},"message":"::1 - - [02/Feb/2023:17:42:12 +0000] \"GET /__/firebase/7.18.0/firebase-auth.js HTTP/1.1\" 200 55421 \"http://localhost:5000/\" \"Mozilla/5.0 (X11; Linux x86_64; rv:108.0) Gecko/20100101 Firefox/108.0\""}}
[info] i  hosting: ::1 - - [02/Feb/2023:17:42:12 +0000] "GET /__/firebase/7.18.0/firebase-firestore.js HTTP/1.1" 200 83185 "http://localhost:5000/" "Mozilla/5.0 (X11; Linux x86_64; rv:108.0) Gecko/20100101 Firefox/108.0" {"metadata":{"emulator":{"name":"hosting"},"message":"::1 - - [02/Feb/2023:17:42:12 +0000] \"GET /__/firebase/7.18.0/firebase-firestore.js HTTP/1.1\" 200 83185 \"http://localhost:5000/\" \"Mozilla/5.0 (X11; Linux x86_64; rv:108.0) Gecko/20100101 Firefox/108.0\""}}
[info] i  hosting: ::1 - - [02/Feb/2023:17:42:12 +0000] "GET /favicon.ico HTTP/1.1" 200 - "http://localhost:5000/" "Mozilla/5.0 (X11; Linux x86_64; rv:108.0) Gecko/20100101 Firefox/108.0" {"metadata":{"emulator":{"name":"hosting"},"message":"::1 - - [02/Feb/2023:17:42:12 +0000] \"GET /favicon.ico HTTP/1.1\" 200 - \"http://localhost:5000/\" \"Mozilla/5.0 (X11; Linux x86_64; rv:108.0) Gecko/20100101 Firefox/108.0\""}}
[info] i  hosting: ::1 - - [02/Feb/2023:17:44:29 +0000] "GET /user.html HTTP/1.1" 200 534 "http://localhost:5000/" "Mozilla/5.0 (X11; Linux x86_64; rv:108.0) Gecko/20100101 Firefox/108.0" {"metadata":{"emulator":{"name":"hosting"},"message":"::1 - - [02/Feb/2023:17:44:29 +0000] \"GET /user.html HTTP/1.1\" 200 534 \"http://localhost:5000/\" \"Mozilla/5.0 (X11; Linux x86_64; rv:108.0) Gecko/20100101 Firefox/108.0\""}}
[info] i  hosting: ::1 - - [02/Feb/2023:17:44:29 +0000] "GET /scripts/main.js HTTP/1.1" 200 - "http://localhost:5000/user.html" "Mozilla/5.0 (X11; Linux x86_64; rv:108.0) Gecko/20100101 Firefox/108.0" {"metadata":{"emulator":{"name":"hosting"},"message":"::1 - - [02/Feb/2023:17:44:29 +0000] \"GET /scripts/main.js HTTP/1.1\" 200 - \"http://localhost:5000/user.html\" \"Mozilla/5.0 (X11; Linux x86_64; rv:108.0) Gecko/20100101 Firefox/108.0\""}}
[info] i  hosting: ::1 - - [02/Feb/2023:17:44:29 +0000] "GET /favicon.ico HTTP/1.1" 200 - "http://localhost:5000/user.html" "Mozilla/5.0 (X11; Linux x86_64; rv:108.0) Gecko/20100101 Firefox/108.0" {"metadata":{"emulator":{"name":"hosting"},"message":"::1 - - [02/Feb/2023:17:44:29 +0000] \"GET /favicon.ico HTTP/1.1\" 200 - \"http://localhost:5000/user.html\" \"Mozilla/5.0 (X11; Linux x86_64; rv:108.0) Gecko/20100101 Firefox/108.0\""}}
[info] i  hosting: ::1 - - [02/Feb/2023:17:44:47 +0000] "GET /user.html HTTP/1.1" 200 641 "http://localhost:5000/" "Mozilla/5.0 (X11; Linux x86_64; rv:108.0) Gecko/20100101 Firefox/108.0" {"metadata":{"emulator":{"name":"hosting"},"message":"::1 - - [02/Feb/2023:17:44:47 +0000] \"GET /user.html HTTP/1.1\" 200 641 \"http://localhost:5000/\" \"Mozilla/5.0 (X11; Linux x86_64; rv:108.0) Gecko/20100101 Firefox/108.0\""}}
[info] i  hosting: ::1 - - [02/Feb/2023:17:44:47 +0000] "GET /scripts/main.js HTTP/1.1" 200 - "http://localhost:5000/user.html" "Mozilla/5.0 (X11; Linux x86_64; rv:108.0) Gecko/20100101 Firefox/108.0" {"metadata":{"emulator":{"name":"hosting"},"message":"::1 - - [02/Feb/2023:17:44:47 +0000] \"GET /scripts/main.js HTTP/1.1\" 200 - \"http://localhost:5000/user.html\" \"Mozilla/5.0 (X11; Linux x86_64; rv:108.0) Gecko/20100101 Firefox/108.0\""}}
[info] i  hosting: ::1 - - [02/Feb/2023:17:44:48 +0000] "GET /favicon.ico HTTP/1.1" 200 - "http://localhost:5000/user.html" "Mozilla/5.0 (X11; Linux x86_64; rv:108.0) Gecko/20100101 Firefox/108.0" {"metadata":{"emulator":{"name":"hosting"},"message":"::1 - - [02/Feb/2023:17:44:48 +0000] \"GET /favicon.ico HTTP/1.1\" 200 - \"http://localhost:5000/user.html\" \"Mozilla/5.0 (X11; Linux x86_64; rv:108.0) Gecko/20100101 Firefox/108.0\""}}
[info] i  hosting: ::1 - - [02/Feb/2023:17:44:51 +0000] "GET /user.html HTTP/1.1" 200 640 "http://localhost:5000/" "Mozilla/5.0 (X11; Linux x86_64; rv:108.0) Gecko/20100101 Firefox/108.0" {"metadata":{"emulator":{"name":"hosting"},"message":"::1 - - [02/Feb/2023:17:44:51 +0000] \"GET /user.html HTTP/1.1\" 200 640 \"http://localhost:5000/\" \"Mozilla/5.0 (X11; Linux x86_64; rv:108.0) Gecko/20100101 Firefox/108.0\""}}
[info] i  hosting: ::1 - - [02/Feb/2023:17:44:51 +0000] "GET /scripts/main.js HTTP/1.1" 200 - "http://localhost:5000/user.html" "Mozilla/5.0 (X11; Linux x86_64; rv:108.0) Gecko/20100101 Firefox/108.0" {"metadata":{"emulator":{"name":"hosting"},"message":"::1 - - [02/Feb/2023:17:44:51 +0000] \"GET /scripts/main.js HTTP/1.1\" 200 - \"http://localhost:5000/user.html\" \"Mozilla/5.0 (X11; Linux x86_64; rv:108.0) Gecko/20100101 Firefox/108.0\""}}
[info] i  hosting: ::1 - - [02/Feb/2023:17:44:51 +0000] "GET /favicon.ico HTTP/1.1" 200 - "http://localhost:5000/user.html" "Mozilla/5.0 (X11; Linux x86_64; rv:108.0) Gecko/20100101 Firefox/108.0" {"metadata":{"emulator":{"name":"hosting"},"message":"::1 - - [02/Feb/2023:17:44:51 +0000] \"GET /favicon.ico HTTP/1.1\" 200 - \"http://localhost:5000/user.html\" \"Mozilla/5.0 (X11; Linux x86_64; rv:108.0) Gecko/20100101 Firefox/108.0\""}}
[info] i  hosting: ::1 - - [02/Feb/2023:17:44:55 +0000] "GET /user.html HTTP/1.1" 200 641 "http://localhost:5000/" "Mozilla/5.0 (X11; Linux x86_64; rv:108.0) Gecko/20100101 Firefox/108.0" {"metadata":{"emulator":{"name":"hosting"},"message":"::1 - - [02/Feb/2023:17:44:55 +0000] \"GET /user.html HTTP/1.1\" 200 641 \"http://localhost:5000/\" \"Mozilla/5.0 (X11; Linux x86_64; rv:108.0) Gecko/20100101 Firefox/108.0\""}}
[info] i  hosting: ::1 - - [02/Feb/2023:17:44:55 +0000] "GET /scripts/main.js HTTP/1.1" 200 - "http://localhost:5000/user.html" "Mozilla/5.0 (X11; Linux x86_64; rv:108.0) Gecko/20100101 Firefox/108.0" {"metadata":{"emulator":{"name":"hosting"},"message":"::1 - - [02/Feb/2023:17:44:55 +0000] \"GET /scripts/main.js HTTP/1.1\" 200 - \"http://localhost:5000/user.html\" \"Mozilla/5.0 (X11; Linux x86_64; rv:108.0) Gecko/20100101 Firefox/108.0\""}}
[info] i  hosting: ::1 - - [02/Feb/2023:17:44:55 +0000] "GET /favicon.ico HTTP/1.1" 200 - "http://localhost:5000/user.html" "Mozilla/5.0 (X11; Linux x86_64; rv:108.0) Gecko/20100101 Firefox/108.0" {"metadata":{"emulator":{"name":"hosting"},"message":"::1 - - [02/Feb/2023:17:44:55 +0000] \"GET /favicon.ico HTTP/1.1\" 200 - \"http://localhost:5000/user.html\" \"Mozilla/5.0 (X11; Linux x86_64; rv:108.0) Gecko/20100101 Firefox/108.0\""}}
[info] i  hosting: ::1 - - [02/Feb/2023:17:46:18 +0000] "GET /user.html HTTP/1.1" 200 666 "http://localhost:5000/" "Mozilla/5.0 (X11; Linux x86_64; rv:108.0) Gecko/20100101 Firefox/108.0" {"metadata":{"emulator":{"name":"hosting"},"message":"::1 - - [02/Feb/2023:17:46:18 +0000] \"GET /user.html HTTP/1.1\" 200 666 \"http://localhost:5000/\" \"Mozilla/5.0 (X11; Linux x86_64; rv:108.0) Gecko/20100101 Firefox/108.0\""}}
[info] i  hosting: ::1 - - [02/Feb/2023:17:46:18 +0000] "GET /scripts/main.js HTTP/1.1" 200 - "http://localhost:5000/user.html" "Mozilla/5.0 (X11; Linux x86_64; rv:108.0) Gecko/20100101 Firefox/108.0" {"metadata":{"emulator":{"name":"hosting"},"message":"::1 - - [02/Feb/2023:17:46:18 +0000] \"GET /scripts/main.js HTTP/1.1\" 200 - \"http://localhost:5000/user.html\" \"Mozilla/5.0 (X11; Linux x86_64; rv:108.0) Gecko/20100101 Firefox/108.0\""}}
[info] i  hosting: ::1 - - [02/Feb/2023:17:46:18 +0000] "GET /favicon.ico HTTP/1.1" 200 - "http://localhost:5000/user.html" "Mozilla/5.0 (X11; Linux x86_64; rv:108.0) Gecko/20100101 Firefox/108.0" {"metadata":{"emulator":{"name":"hosting"},"message":"::1 - - [02/Feb/2023:17:46:18 +0000] \"GET /favicon.ico HTTP/1.1\" 200 - \"http://localhost:5000/user.html\" \"Mozilla/5.0 (X11; Linux x86_64; rv:108.0) Gecko/20100101 Firefox/108.0\""}}
[info] i  hosting: ::1 - - [02/Feb/2023:18:21:33 +0000] "GET /user.html HTTP/1.1" 200 777 "http://localhost:5000/" "Mozilla/5.0 (X11; Linux x86_64; rv:108.0) Gecko/20100101 Firefox/108.0" {"metadata":{"emulator":{"name":"hosting"},"message":"::1 - - [02/Feb/2023:18:21:33 +0000] \"GET /user.html HTTP/1.1\" 200 777 \"http://localhost:5000/\" \"Mozilla/5.0 (X11; Linux x86_64; rv:108.0) Gecko/20100101 Firefox/108.0\""}}
[info] i  hosting: ::1 - - [02/Feb/2023:18:21:33 +0000] "GET /scripts/main.js HTTP/1.1" 200 - "http://localhost:5000/user.html" "Mozilla/5.0 (X11; Linux x86_64; rv:108.0) Gecko/20100101 Firefox/108.0" {"metadata":{"emulator":{"name":"hosting"},"message":"::1 - - [02/Feb/2023:18:21:33 +0000] \"GET /scripts/main.js HTTP/1.1\" 200 - \"http://localhost:5000/user.html\" \"Mozilla/5.0 (X11; Linux x86_64; rv:108.0) Gecko/20100101 Firefox/108.0\""}}
[info] i  hosting: ::1 - - [02/Feb/2023:18:21:33 +0000] "GET /favicon.ico HTTP/1.1" 200 - "http://localhost:5000/user.html" "Mozilla/5.0 (X11; Linux x86_64; rv:108.0) Gecko/20100101 Firefox/108.0" {"metadata":{"emulator":{"name":"hosting"},"message":"::1 - - [02/Feb/2023:18:21:33 +0000] \"GET /favicon.ico HTTP/1.1\" 200 - \"http://localhost:5000/user.html\" \"Mozilla/5.0 (X11; Linux x86_64; rv:108.0) Gecko/20100101 Firefox/108.0\""}}
[info] i  hosting: ::1 - - [02/Feb/2023:18:21:47 +0000] "GET /user.html HTTP/1.1" 200 777 "http://localhost:5000/" "Mozilla/5.0 (X11; Linux x86_64; rv:108.0) Gecko/20100101 Firefox/108.0" {"metadata":{"emulator":{"name":"hosting"},"message":"::1 - - [02/Feb/2023:18:21:47 +0000] \"GET /user.html HTTP/1.1\" 200 777 \"http://localhost:5000/\" \"Mozilla/5.0 (X11; Linux x86_64; rv:108.0) Gecko/20100101 Firefox/108.0\""}}
[info] i  hosting: ::1 - - [02/Feb/2023:18:21:47 +0000] "GET /scripts/main.js HTTP/1.1" 200 - "http://localhost:5000/user.html" "Mozilla/5.0 (X11; Linux x86_64; rv:108.0) Gecko/20100101 Firefox/108.0" {"metadata":{"emulator":{"name":"hosting"},"message":"::1 - - [02/Feb/2023:18:21:47 +0000] \"GET /scripts/main.js HTTP/1.1\" 200 - \"http://localhost:5000/user.html\" \"Mozilla/5.0 (X11; Linux x86_64; rv:108.0) Gecko/20100101 Firefox/108.0\""}}
[info] i  hosting: ::1 - - [02/Feb/2023:18:21:47 +0000] "GET /favicon.ico HTTP/1.1" 200 - "http://localhost:5000/user.html" "Mozilla/5.0 (X11; Linux x86_64; rv:108.0) Gecko/20100101 Firefox/108.0" {"metadata":{"emulator":{"name":"hosting"},"message":"::1 - - [02/Feb/2023:18:21:47 +0000] \"GET /favicon.ico HTTP/1.1\" 200 - \"http://localhost:5000/user.html\" \"Mozilla/5.0 (X11; Linux x86_64; rv:108.0) Gecko/20100101 Firefox/108.0\""}}
[info] i  hosting: ::1 - - [02/Feb/2023:18:21:52 +0000] "GET /user.html HTTP/1.1" 200 786 "http://localhost:5000/" "Mozilla/5.0 (X11; Linux x86_64; rv:108.0) Gecko/20100101 Firefox/108.0" {"metadata":{"emulator":{"name":"hosting"},"message":"::1 - - [02/Feb/2023:18:21:52 +0000] \"GET /user.html HTTP/1.1\" 200 786 \"http://localhost:5000/\" \"Mozilla/5.0 (X11; Linux x86_64; rv:108.0) Gecko/20100101 Firefox/108.0\""}}
[info] i  hosting: ::1 - - [02/Feb/2023:18:21:52 +0000] "GET /scripts/main.js HTTP/1.1" 200 - "http://localhost:5000/user.html" "Mozilla/5.0 (X11; Linux x86_64; rv:108.0) Gecko/20100101 Firefox/108.0" {"metadata":{"emulator":{"name":"hosting"},"message":"::1 - - [02/Feb/2023:18:21:52 +0000] \"GET /scripts/main.js HTTP/1.1\" 200 - \"http://localhost:5000/user.html\" \"Mozilla/5.0 (X11; Linux x86_64; rv:108.0) Gecko/20100101 Firefox/108.0\""}}
[info] i  hosting: ::1 - - [02/Feb/2023:18:21:52 +0000] "GET /favicon.ico HTTP/1.1" 200 - "http://localhost:5000/user.html" "Mozilla/5.0 (X11; Linux x86_64; rv:108.0) Gecko/20100101 Firefox/108.0" {"metadata":{"emulator":{"name":"hosting"},"message":"::1 - - [02/Feb/2023:18:21:52 +0000] \"GET /favicon.ico HTTP/1.1\" 200 - \"http://localhost:5000/user.html\" \"Mozilla/5.0 (X11; Linux x86_64; rv:108.0) Gecko/20100101 Firefox/108.0\""}}
[info] i  hosting: ::1 - - [02/Feb/2023:18:22:48 +0000] "GET /user.html HTTP/1.1" 200 - "http://localhost:5000/" "Mozilla/5.0 (X11; Linux x86_64; rv:108.0) Gecko/20100101 Firefox/108.0" {"metadata":{"emulator":{"name":"hosting"},"message":"::1 - - [02/Feb/2023:18:22:48 +0000] \"GET /user.html HTTP/1.1\" 200 - \"http://localhost:5000/\" \"Mozilla/5.0 (X11; Linux x86_64; rv:108.0) Gecko/20100101 Firefox/108.0\""}}
[debug] [2023-02-02T18:22:48.796Z] >>> [apiv2][query] GET https://www.gstatic.com/firebasejs/7.18.0/firebase-app.js [none]
[debug] [2023-02-02T18:22:48.800Z] >>> [apiv2][query] GET https://www.gstatic.com/firebasejs/7.18.0/firebase-analytics.js [none]
[debug] [2023-02-02T18:22:48.803Z] >>> [apiv2][query] GET https://www.gstatic.com/firebasejs/7.18.0/firebase-auth.js [none]
[info] i  hosting: ::1 - - [02/Feb/2023:18:22:48 +0000] "GET /scripts/popper.js HTTP/1.1" 200 - "http://localhost:5000/user.html" "Mozilla/5.0 (X11; Linux x86_64; rv:108.0) Gecko/20100101 Firefox/108.0" {"metadata":{"emulator":{"name":"hosting"},"message":"::1 - - [02/Feb/2023:18:22:48 +0000] \"GET /scripts/popper.js HTTP/1.1\" 200 - \"http://localhost:5000/user.html\" \"Mozilla/5.0 (X11; Linux x86_64; rv:108.0) Gecko/20100101 Firefox/108.0\""}}
[debug] [2023-02-02T18:22:48.816Z] >>> [apiv2][query] GET https://www.gstatic.com/firebasejs/7.18.0/firebase-firestore.js [none]
[info] i  hosting: ::1 - - [02/Feb/2023:18:22:48 +0000] "GET /scripts/jquery.min.js HTTP/1.1" 200 - "http://localhost:5000/user.html" "Mozilla/5.0 (X11; Linux x86_64; rv:108.0) Gecko/20100101 Firefox/108.0" {"metadata":{"emulator":{"name":"hosting"},"message":"::1 - - [02/Feb/2023:18:22:48 +0000] \"GET /scripts/jquery.min.js HTTP/1.1\" 200 - \"http://localhost:5000/user.html\" \"Mozilla/5.0 (X11; Linux x86_64; rv:108.0) Gecko/20100101 Firefox/108.0\""}}
[info] i  hosting: ::1 - - [02/Feb/2023:18:22:48 +0000] "GET /__/firebase/init.js HTTP/1.1" 200 - "http://localhost:5000/user.html" "Mozilla/5.0 (X11; Linux x86_64; rv:108.0) Gecko/20100101 Firefox/108.0" {"metadata":{"emulator":{"name":"hosting"},"message":"::1 - - [02/Feb/2023:18:22:48 +0000] \"GET /__/firebase/init.js HTTP/1.1\" 200 - \"http://localhost:5000/user.html\" \"Mozilla/5.0 (X11; Linux x86_64; rv:108.0) Gecko/20100101 Firefox/108.0\""}}
[info] i  hosting: ::1 - - [02/Feb/2023:18:22:48 +0000] "GET /scripts/bootstrap-material-design.js HTTP/1.1" 200 - "http://localhost:5000/user.html" "Mozilla/5.0 (X11; Linux x86_64; rv:108.0) Gecko/20100101 Firefox/108.0" {"metadata":{"emulator":{"name":"hosting"},"message":"::1 - - [02/Feb/2023:18:22:48 +0000] \"GET /scripts/bootstrap-material-design.js HTTP/1.1\" 200 - \"http://localhost:5000/user.html\" \"Mozilla/5.0 (X11; Linux x86_64; rv:108.0) Gecko/20100101 Firefox/108.0\""}}
[info] i  hosting: ::1 - - [02/Feb/2023:18:22:48 +0000] "GET /scripts/main.js HTTP/1.1" 200 - "http://localhost:5000/user.html" "Mozilla/5.0 (X11; Linux x86_64; rv:108.0) Gecko/20100101 Firefox/108.0" {"metadata":{"emulator":{"name":"hosting"},"message":"::1 - - [02/Feb/2023:18:22:48 +0000] \"GET /scripts/main.js HTTP/1.1\" 200 - \"http://localhost:5000/user.html\" \"Mozilla/5.0 (X11; Linux x86_64; rv:108.0) Gecko/20100101 Firefox/108.0\""}}
[debug] [2023-02-02T18:22:48.838Z] <<< [apiv2][status] GET https://www.gstatic.com/firebasejs/7.18.0/firebase-app.js 200
[debug] [2023-02-02T18:22:48.838Z] <<< [apiv2][body] GET https://www.gstatic.com/firebasejs/7.18.0/firebase-app.js [stream]
[info] i  hosting: ::1 - - [02/Feb/2023:18:22:48 +0000] "GET /__/firebase/7.18.0/firebase-app.js HTTP/1.1" 200 6617 "http://localhost:5000/user.html" "Mozilla/5.0 (X11; Linux x86_64; rv:108.0) Gecko/20100101 Firefox/108.0" {"metadata":{"emulator":{"name":"hosting"},"message":"::1 - - [02/Feb/2023:18:22:48 +0000] \"GET /__/firebase/7.18.0/firebase-app.js HTTP/1.1\" 200 6617 \"http://localhost:5000/user.html\" \"Mozilla/5.0 (X11; Linux x86_64; rv:108.0) Gecko/20100101 Firefox/108.0\""}}
[debug] [2023-02-02T18:22:48.849Z] <<< [apiv2][status] GET https://www.gstatic.com/firebasejs/7.18.0/firebase-auth.js 200
[debug] [2023-02-02T18:22:48.849Z] <<< [apiv2][body] GET https://www.gstatic.com/firebasejs/7.18.0/firebase-auth.js [stream]
[debug] [2023-02-02T18:22:48.850Z] <<< [apiv2][status] GET https://www.gstatic.com/firebasejs/7.18.0/firebase-analytics.js 200
[debug] [2023-02-02T18:22:48.850Z] <<< [apiv2][body] GET https://www.gstatic.com/firebasejs/7.18.0/firebase-analytics.js [stream]
[info] i  hosting: ::1 - - [02/Feb/2023:18:22:48 +0000] "GET /__/firebase/7.18.0/firebase-analytics.js HTTP/1.1" 200 9207 "http://localhost:5000/user.html" "Mozilla/5.0 (X11; Linux x86_64; rv:108.0) Gecko/20100101 Firefox/108.0" {"metadata":{"emulator":{"name":"hosting"},"message":"::1 - - [02/Feb/2023:18:22:48 +0000] \"GET /__/firebase/7.18.0/firebase-analytics.js HTTP/1.1\" 200 9207 \"http://localhost:5000/user.html\" \"Mozilla/5.0 (X11; Linux x86_64; rv:108.0) Gecko/20100101 Firefox/108.0\""}}
[debug] [2023-02-02T18:22:48.859Z] <<< [apiv2][status] GET https://www.gstatic.com/firebasejs/7.18.0/firebase-firestore.js 200
[debug] [2023-02-02T18:22:48.859Z] <<< [apiv2][body] GET https://www.gstatic.com/firebasejs/7.18.0/firebase-firestore.js [stream]
[info] i  hosting: ::1 - - [02/Feb/2023:18:22:48 +0000] "GET /__/firebase/7.18.0/firebase-auth.js HTTP/1.1" 200 55421 "http://localhost:5000/user.html" "Mozilla/5.0 (X11; Linux x86_64; rv:108.0) Gecko/20100101 Firefox/108.0" {"metadata":{"emulator":{"name":"hosting"},"message":"::1 - - [02/Feb/2023:18:22:48 +0000] \"GET /__/firebase/7.18.0/firebase-auth.js HTTP/1.1\" 200 55421 \"http://localhost:5000/user.html\" \"Mozilla/5.0 (X11; Linux x86_64; rv:108.0) Gecko/20100101 Firefox/108.0\""}}
[info] i  hosting: ::1 - - [02/Feb/2023:18:22:48 +0000] "GET /__/firebase/7.18.0/firebase-firestore.js HTTP/1.1" 200 83185 "http://localhost:5000/user.html" "Mozilla/5.0 (X11; Linux x86_64; rv:108.0) Gecko/20100101 Firefox/108.0" {"metadata":{"emulator":{"name":"hosting"},"message":"::1 - - [02/Feb/2023:18:22:48 +0000] \"GET /__/firebase/7.18.0/firebase-firestore.js HTTP/1.1\" 200 83185 \"http://localhost:5000/user.html\" \"Mozilla/5.0 (X11; Linux x86_64; rv:108.0) Gecko/20100101 Firefox/108.0\""}}
[info] i  hosting: ::1 - - [02/Feb/2023:18:22:49 +0000] "GET /favicon.ico HTTP/1.1" 200 - "http://localhost:5000/user.html" "Mozilla/5.0 (X11; Linux x86_64; rv:108.0) Gecko/20100101 Firefox/108.0" {"metadata":{"emulator":{"name":"hosting"},"message":"::1 - - [02/Feb/2023:18:22:49 +0000] \"GET /favicon.ico HTTP/1.1\" 200 - \"http://localhost:5000/user.html\" \"Mozilla/5.0 (X11; Linux x86_64; rv:108.0) Gecko/20100101 Firefox/108.0\""}}
[debug] [2023-02-02T18:22:49.497Z] >>> [apiv2][query] GET https://www.gstatic.com/firebasejs/7.18.0/firebase-app.js.map [none]
[debug] [2023-02-02T18:22:49.500Z] >>> [apiv2][query] GET https://www.gstatic.com/firebasejs/7.18.0/firebase-auth.js.map [none]
[debug] [2023-02-02T18:22:49.536Z] <<< [apiv2][status] GET https://www.gstatic.com/firebasejs/7.18.0/firebase-app.js.map 200
[debug] [2023-02-02T18:22:49.536Z] <<< [apiv2][body] GET https://www.gstatic.com/firebasejs/7.18.0/firebase-app.js.map [stream]
[debug] [2023-02-02T18:22:49.543Z] <<< [apiv2][status] GET https://www.gstatic.com/firebasejs/7.18.0/firebase-auth.js.map 200
[debug] [2023-02-02T18:22:49.543Z] <<< [apiv2][body] GET https://www.gstatic.com/firebasejs/7.18.0/firebase-auth.js.map [stream]
[info] i  hosting: ::1 - - [02/Feb/2023:18:22:49 +0000] "GET /__/firebase/7.18.0/firebase-app.js.map HTTP/1.1" 200 105608 "-" "Mozilla/5.0 (X11; Linux x86_64; rv:108.0) Gecko/20100101 Firefox/108.0" {"metadata":{"emulator":{"name":"hosting"},"message":"::1 - - [02/Feb/2023:18:22:49 +0000] \"GET /__/firebase/7.18.0/firebase-app.js.map HTTP/1.1\" 200 105608 \"-\" \"Mozilla/5.0 (X11; Linux x86_64; rv:108.0) Gecko/20100101 Firefox/108.0\""}}
[info] i  hosting: ::1 - - [02/Feb/2023:18:22:49 +0000] "GET /__/firebase/7.18.0/firebase-auth.js.map HTTP/1.1" 200 2340822 "-" "Mozilla/5.0 (X11; Linux x86_64; rv:108.0) Gecko/20100101 Firefox/108.0" {"metadata":{"emulator":{"name":"hosting"},"message":"::1 - - [02/Feb/2023:18:22:49 +0000] \"GET /__/firebase/7.18.0/firebase-auth.js.map HTTP/1.1\" 200 2340822 \"-\" \"Mozilla/5.0 (X11; Linux x86_64; rv:108.0) Gecko/20100101 Firefox/108.0\""}}
